<?xml version="1.0" encoding="UTF-8"?>
<!-- Generated by org.testng.reporters.JUnitReportReporter -->
<testsuite hostname="venkatesh" name="academy.Homepage" tests="1" failures="0" timestamp="29 Oct 2020 01:48:21 GMT" time="21.846" errors="0">
  <testcase name="basePageNavigation" time="21.846" classname="academy.Homepage"/>
</testsuite> <!-- academy.Homepage -->
